commit 17e18663082f4e952d0348d531bae9d6be98bf76
Author: Tucker Long <tl7877@cs.utexas.edu>
Date:   Thu Oct 22 21:44:53 2015 -0500

    static

commit 9060cc89dd7879167ffc85d032bbc76a214764a5
Merge: c8ca3fd 10dbdb2
Author: Tucker Long <tl7877@cs.utexas.edu>
Date:   Thu Oct 22 21:36:53 2015 -0500

    Merge branch 'master' of https://github.com/RobinsonNguyen/cs373-pokemon

commit c8ca3fd9200b4690aa483ddf332254d44b89858b
Author: Tucker Long <tl7877@cs.utexas.edu>
Date:   Thu Oct 22 21:36:49 2015 -0500

    Should be rest of stuff

commit 10dbdb2a9497d7078728e50151abba980107c8f7
Merge: 67cb6c7 2f629e7
Author: Brett Kercher <brettkercher@utexas.edu>
Date:   Thu Oct 22 21:29:09 2015 -0500

    Merge branch 'master' of https://github.com/RobinsonNguyen/cs373-pokemon

commit 67cb6c737233029e59f03b1ff00392c622764e50
Author: Brett Kercher <brettkercher@utexas.edu>
Date:   Thu Oct 22 21:29:04 2015 -0500

    404 on bad route

commit 2f629e7a63fcc40372ad67bf190298aedc36e99e
Merge: 800337a 5a8b8cc
Author: Tucker Long <tl7877@cs.utexas.edu>
Date:   Thu Oct 22 21:18:02 2015 -0500

    Merge branch 'master' of https://github.com/RobinsonNguyen/cs373-pokemon

commit 800337a5b5b632a15c0e9a6e9ff42d63e5ab2001
Author: Tucker Long <tl7877@cs.utexas.edu>
Date:   Thu Oct 22 21:17:59 2015 -0500

    Adding html

commit 5a8b8cc7aabd819502c1d064a007b9d50479530d
Author: RobinsonNguyen <robinson_nguyen@hotmail.com>
Date:   Thu Oct 22 21:16:36 2015 -0500

    Update tests.py

commit 59e04e6ec6fdbc1ff17e67a764e9a10367a39f73
Merge: 0f30d61 746d534
Author: Tucker Long <tl7877@cs.utexas.edu>
Date:   Thu Oct 22 21:15:45 2015 -0500

    Merge branch 'master' of https://github.com/RobinsonNguyen/cs373-pokemon

commit 0f30d61d7a651a977411f5092cfb18a79e3a3b17
Author: Tucker Long <tl7877@cs.utexas.edu>
Date:   Thu Oct 22 21:15:37 2015 -0500

    Adding in the last hurdles

commit 746d5342e3c195b27f1af9f05b5b584f70c7d1b4
Merge: e1d1a6d 42c38f9
Author: Brett Kercher <brettkercher@utexas.edu>
Date:   Thu Oct 22 21:09:34 2015 -0500

    Merge branch 'master' of https://github.com/RobinsonNguyen/cs373-pokemon

commit e1d1a6d8887fb6cdfce29fde661537b41381b28c
Author: Brett Kercher <brettkercher@utexas.edu>
Date:   Thu Oct 22 21:09:22 2015 -0500

    Added brett pic

commit 42c38f9b1cb560dd0cdae4268ea71ccdafd7b18e
Author: Robinson Nguyen <robinson_nguyen@hotmail.com>
Date:   Thu Oct 22 21:06:04 2015 -0500

    makin moonies.mk

commit ea9034b5865b529b05d0ecd82c3ec07126a6e81a
Merge: 9fb15ba d285919
Author: Brett Kercher <brettkercher@utexas.edu>
Date:   Thu Oct 22 20:57:49 2015 -0500

    Merge branch 'master' of https://github.com/RobinsonNguyen/cs373-pokemon

commit 9fb15ba5e8c94e7ba0c4e5f9dd0766a59b88af80
Author: Brett Kercher <brettkercher@utexas.edu>
Date:   Thu Oct 22 20:57:44 2015 -0500

    Add links from pokemon to locations

commit d285919005b1d0860f55b49a28dcc541fa1a291f
Author: Tucker Long <tl7877@cs.utexas.edu>
Date:   Thu Oct 22 20:42:36 2015 -0500

    linking moves

commit 3ef8a259e136099b9e1a030e63512fe1b94223ed
Author: Tucker Long <tl7877@cs.utexas.edu>
Date:   Thu Oct 22 20:39:21 2015 -0500

    Making moves linkable

commit 8e2649dd6b91fc67ade3198d5d8c8cf3eee24175
Author: Tucker Long <tl7877@cs.utexas.edu>
Date:   Thu Oct 22 20:22:12 2015 -0500

    adding david

commit 91d699a884d59619be02f3f9affb4bc5b2b98eca
Merge: 88fec6f e3b771f
Author: Tucker Long <tl7877@cs.utexas.edu>
Date:   Thu Oct 22 20:17:24 2015 -0500

    :x
    ge branch 'master' of https://github.com/RobinsonNguyen/cs373-pokemon

commit 88fec6fad890e118cd771310fc20a6d946f847e7
Author: Tucker Long <tl7877@cs.utexas.edu>
Date:   Thu Oct 22 20:17:20 2015 -0500

    Adding joao

commit e3b771fd1d17e0d9dbff4170806882f32a84e304
Author: Brett Kercher <brettkercher@utexas.edu>
Date:   Thu Oct 22 20:10:21 2015 -0500

    took out print statement

commit 8559b51085bcfc924c2e884ab1fa473500c4cc3c
Merge: c637c04 56c914b
Author: Brett Kercher <brettkercher@utexas.edu>
Date:   Thu Oct 22 20:09:30 2015 -0500

    Merge branch 'master' of https://github.com/RobinsonNguyen/cs373-pokemon

commit c637c0453ac8837d15dccaafaba3838c68b97c08
Author: Brett Kercher <brettkercher@utexas.edu>
Date:   Thu Oct 22 20:09:21 2015 -0500

    pokemon locations

commit 626d6fe877e3fea6e551908c9ffdf9a92b512ce6
Author: Brett Kercher <brettkercher@utexas.edu>
Date:   Thu Oct 22 20:08:14 2015 -0500

    added new version of poke data

commit 56c914bf0dc3e67cdb535c31e92d9b2944096e94
Merge: adb2a12 d20b632
Author: Tucker Long <tl7877@cs.utexas.edu>
Date:   Thu Oct 22 20:04:48 2015 -0500

    Merge branch 'master' of https://github.com/RobinsonNguyen/cs373-pokemon

commit adb2a121b040ab7bc4a4efd3426f84448661ecc1
Author: Tucker Long <tl7877@cs.utexas.edu>
Date:   Thu Oct 22 20:04:44 2015 -0500

    index error

commit d20b63244419513e8ef1d940bab41d106ede5bae
Merge: 02097c8 249de51
Author: Brett Kercher <brettkercher@utexas.edu>
Date:   Thu Oct 22 20:02:43 2015 -0500

    Merge branch 'master' of https://github.com/RobinsonNguyen/cs373-pokemon

commit 02097c89461781768ae0dd10823b0f9cf1c94af6
Author: Brett Kercher <brettkercher@utexas.edu>
Date:   Thu Oct 22 20:02:34 2015 -0500

    using location instead of move

commit 249de51f6f543e7f3409ab1617eaef0c0cb982a4
Merge: e5976ef 8520827
Author: Tucker Long <tl7877@cs.utexas.edu>
Date:   Thu Oct 22 20:01:43 2015 -0500

    :x:rge branch 'master' of https://github.com/RobinsonNguyen/cs373-pokemon

commit e5976efa7c4b98c1135d849852d2291f2e164d3d
Author: Tucker Long <tl7877@cs.utexas.edu>
Date:   Thu Oct 22 20:01:39 2015 -0500

    Too many {}

commit 852082741fa4d4a6179554389b6801fc7fb4d3e1
Merge: b098c2b 85008f6
Author: Brett Kercher <brettkercher@utexas.edu>
Date:   Thu Oct 22 20:00:53 2015 -0500

    Merge branch 'master' of https://github.com/RobinsonNguyen/cs373-pokemon

commit b098c2b4a202cbe613c4b0ef8af8b54e7a8a86ac
Author: Brett Kercher <brettkercher@utexas.edu>
Date:   Thu Oct 22 20:00:43 2015 -0500

    fixed json

commit 85008f6b3e4711af25137407a59b8770737e34a8
Merge: a80839b 8065239
Author: Tucker Long <tl7877@cs.utexas.edu>
Date:   Thu Oct 22 19:59:29 2015 -0500

    Merge branch 'master' of https://github.com/RobinsonNguyen/cs373-pokemon

commit 80652390311ec7c671d1adb460e6b07a5ef1dc02
Author: Joao Marcos Eloy <jomeloy@gmail.com>
Date:   Thu Oct 22 19:58:50 2015 -0500

    reverting pokemon data back

commit a80839b406371b26461522870526253127141861
Author: Tucker Long <tl7877@cs.utexas.edu>
Date:   Thu Oct 22 19:58:13 2015 -0500

    Trainers with first ommited

commit c7ac441663a58197ef6e327dc54625d26289062b
Merge: 406ce9c a37387d
Author: Tucker Long <tl7877@cs.utexas.edu>
Date:   Thu Oct 22 19:51:43 2015 -0500

    Merge branch 'master' of https://github.com/RobinsonNguyen/cs373-pokemon

commit 406ce9c667c65f3cdb81ecff0a5f5c14a762174d
Author: Tucker Long <tl7877@cs.utexas.edu>
Date:   Thu Oct 22 19:51:32 2015 -0500

    Fixing trainer row

commit a37387d5f964b38f7e18c87a76813167e28e20c1
Merge: 8b61b1b 8e3110f
Author: Brett Kercher <brettkercher@utexas.edu>
Date:   Thu Oct 22 19:48:17 2015 -0500

    Merge branch 'master' of https://github.com/RobinsonNguyen/cs373-pokemon

commit 8b61b1b149bc55ec1de75da81c9a8cac83c95a58
Author: Brett Kercher <brettkercher@utexas.edu>
Date:   Thu Oct 22 19:48:01 2015 -0500

    back to old json

commit 8e3110f65a9138996b1e73a4591270d555b4408e
Merge: 4ac82ac c7571f3
Author: Tucker Long <tl7877@cs.utexas.edu>
Date:   Thu Oct 22 19:46:43 2015 -0500

    Merge branch 'master' of https://github.com/RobinsonNguyen/cs373-pokemon

commit 4ac82acab32ade472154ede94d4b906022b42d3e
Author: Tucker Long <tl7877@cs.utexas.edu>
Date:   Thu Oct 22 19:46:39 2015 -0500

    Removing the buttons.

commit c7571f3f18473215cbfb7208024b34680cec57db
Author: Joao Marcos Eloy <jomeloy@gmail.com>
Date:   Thu Oct 22 19:46:23 2015 -0500

    fixed poke info again again

commit d0d25a63047e238a08fad4dc7cf4970de6d4f7d1
Author: Brett Kercher <brettkercher@utexas.edu>
Date:   Thu Oct 22 19:45:52 2015 -0500

    removed old models

commit 9aedcb99bf0ea2480149a8fe084d659629e0676c
Merge: 50c2a0e 7cd47eb
Author: Tucker Long <tl7877@cs.utexas.edu>
Date:   Thu Oct 22 19:41:01 2015 -0500

    Merge branch 'master' of https://github.com/RobinsonNguyen/cs373-pokemon

commit 50c2a0e389c6237e0a84941bc369876968df696a
Author: Tucker Long <tl7877@cs.utexas.edu>
Date:   Thu Oct 22 19:40:54 2015 -0500

    about page styling

commit 7cd47eb1b651d60849cbaaec013ccf891b30a29a
Author: Joao Marcos Eloy <jomeloy@gmail.com>
Date:   Thu Oct 22 19:40:30 2015 -0500

    fixed pokemon data again

commit 238e1249ef70e78527c4d0bc6ea3e232c8029088
Author: David Toth <dtoth@cs.utexas.edu>
Date:   Thu Oct 22 19:39:48 2015 -0500

    style stuff

commit 120c92af93588400acb2bfec0ba39f302e339e67
Author: Brett Kercher <brettkercher@utexas.edu>
Date:   Thu Oct 22 19:39:52 2015 -0500

    combined models

commit 5566e7f2448aeadd4763d77380077830f632c875
Author: Brett Kercher <brettkercher@utexas.edu>
Date:   Thu Oct 22 19:36:46 2015 -0500

    same

commit c12159ec8b883788e3bfb6a2bc41efd48032e1d2
Merge: 8208a7b 3579a21
Author: Brett Kercher <brettkercher@utexas.edu>
Date:   Thu Oct 22 19:36:20 2015 -0500

    Merge branch 'master' of https://github.com/RobinsonNguyen/cs373-pokemon

commit 8208a7b629727058b41c641fbd4fb629b512971d
Author: Brett Kercher <brettkercher@utexas.edu>
Date:   Thu Oct 22 19:36:09 2015 -0500

    poke json

commit 3579a21285fc53bd3800bf77d8d95f7bf284d8a7
Author: David Toth <dtoth@cs.utexas.edu>
Date:   Thu Oct 22 19:35:12 2015 -0500

    style stuff

commit 82254bf5e6de528558ba4d7dd9e32d71c1652211
Merge: 52f395b a091b4c
Author: Brett Kercher <brettkercher@utexas.edu>
Date:   Thu Oct 22 19:33:18 2015 -0500

    Merge branch 'master' of https://github.com/RobinsonNguyen/cs373-pokemon

commit cd5fe24670743c7dfd972cb1190dc92909e2e3fe
Merge: 1d7cb8f a091b4c
Author: Tucker Long <tl7877@cs.utexas.edu>
Date:   Thu Oct 22 19:33:04 2015 -0500

    Merge branch 'master' of https://github.com/RobinsonNguyen/cs373-pokemon

commit a091b4cea72334f99a4c8aed231854502f7abe46
Author: Joao Marcos Eloy <jomeloy@gmail.com>
Date:   Thu Oct 22 19:32:47 2015 -0500

    fixed pokemon data again

commit 1d7cb8fafd0cb4fc4a48889311b7a9b34da13674
Merge: b6eb0f2 2ce2430
Author: Tucker Long <tl7877@cs.utexas.edu>
Date:   Thu Oct 22 19:32:35 2015 -0500

    Merge branch 'master' of https://github.com/RobinsonNguyen/cs373-pokemon

commit b6eb0f2653989496713c3ffa970875a89e675838
Author: Tucker Long <tl7877@cs.utexas.edu>
Date:   Thu Oct 22 19:32:16 2015 -0500

    ...

commit 2ce24307e0e3508608bc30b6a01e9e04f359182d
Author: David Toth <dtoth@cs.utexas.edu>
Date:   Thu Oct 22 19:30:42 2015 -0500

    style stuff

commit a3883ef5c5f5d4a27bb606cae8ced2c8b9e6a1af
Merge: 8f185a2 5ae47ec
Author: Tucker Long <tl7877@cs.utexas.edu>
Date:   Thu Oct 22 19:29:37 2015 -0500

    Merge branch 'master' of https://github.com/RobinsonNguyen/cs373-pokemon

commit 8f185a27ffaa50dcc851dcf21a866ab059d6c06f
Author: Tucker Long <tl7877@cs.utexas.edu>
Date:   Thu Oct 22 19:29:33 2015 -0500

    Style changes for about page

commit 5ae47ecdbe97522824a1bd54be26d38bb99e428e
Author: David Toth <dtoth@cs.utexas.edu>
Date:   Thu Oct 22 19:22:01 2015 -0500

    style stuff

commit 13505f3f87025f7a16928c7432684e8d458bcf03
Author: David Toth <dtoth@cs.utexas.edu>
Date:   Thu Oct 22 19:17:11 2015 -0500

    style stuff

commit 537b8671e276e2417ca8ef0508873e68243f5b28
Merge: 2c12f8b 0a2cc34
Author: Robinson Nguyen <robinson_nguyen@hotmail.com>
Date:   Thu Oct 22 19:15:57 2015 -0500

    Merge branch 'master' of github.com:RobinsonNguyen/cs373-pokemon

commit 2c12f8b54ce29696ed299ef3c7c7108c2590444e
Author: Robinson Nguyen <robinson_nguyen@hotmail.com>
Date:   Thu Oct 22 19:15:27 2015 -0500

    Finished unit tests

commit 0a2cc3450e2acb8e16c743513a262a05b069475a
Author: David Toth <dtoth@cs.utexas.edu>
Date:   Thu Oct 22 19:14:18 2015 -0500

    style stuff

commit 52f395bda3ef5b532feb102118175d634372faae
Merge: 0ef81c7 ce2b459
Author: Brett Kercher <brettkercher@utexas.edu>
Date:   Thu Oct 22 19:13:12 2015 -0500

    Merge branch 'master' of https://github.com/RobinsonNguyen/cs373-pokemon

commit 67b75e9302ff58f4918e20cd68e11357c79567f3
Merge: 122a568 ce2b459
Author: Tucker Long <tl7877@cs.utexas.edu>
Date:   Thu Oct 22 19:13:03 2015 -0500

    Merge branch 'master' of https://github.com/RobinsonNguyen/cs373-pokemon

commit ce2b459c0e962abc2513fa5b76c85b41df9c2ad6
Author: Joao Marcos Eloy <jomeloy@gmail.com>
Date:   Thu Oct 22 19:12:41 2015 -0500

    fixed meowth pokemon data

commit 122a568424ded4ae32c00f1c44a258eb15a1ca00
Author: Tucker Long <tl7877@cs.utexas.edu>
Date:   Thu Oct 22 19:11:41 2015 -0500

    Fixing pokemon links

commit 0ef81c7271865a4f1d95b7438b9a2296fd54f7f7
Merge: 99066a4 49ad6f0
Author: Brett Kercher <brettkercher@utexas.edu>
Date:   Thu Oct 22 19:11:28 2015 -0500

    Merge branch 'master' of https://github.com/RobinsonNguyen/cs373-pokemon

commit 49ad6f039ac973326bb11be2672618d9d9a79f6a
Author: David Toth <dtoth@cs.utexas.edu>
Date:   Thu Oct 22 19:10:16 2015 -0500

    style stuff

commit 99066a4a20bc225a7d583605745b5b3e6bd5639e
Author: Brett Kercher <brettkercher@utexas.edu>
Date:   Thu Oct 22 19:09:10 2015 -0500

    Added html for locations

commit ec76614b133bec3a8ef25c36c91ea593531ecad0
Author: David Toth <dtoth@cs.utexas.edu>
Date:   Thu Oct 22 19:08:54 2015 -0500

    style stuff

commit 37b53b5e2d94564c5b1224c0d8f5879de0ca560f
Author: David Toth <dtoth@cs.utexas.edu>
Date:   Thu Oct 22 19:06:51 2015 -0500

    style stuff

commit 8b39172283738af43db6589caa84f4893b68a524
Merge: 267e2ec e1c1b69
Author: Tucker Long <tl7877@cs.utexas.edu>
Date:   Thu Oct 22 19:06:23 2015 -0500

    Merge branch 'master' of https://github.com/RobinsonNguyen/cs373-pokemon

commit 267e2ec3d8a09bb6d622dd44a668ba928209867c
Author: Tucker Long <tl7877@cs.utexas.edu>
Date:   Thu Oct 22 19:06:11 2015 -0500

    Just changed to rowspan

commit e1c1b698558e5ad73c91c73b68ec3e680ae6f077
Author: Brett Kercher <brettkercher@utexas.edu>
Date:   Thu Oct 22 19:05:02 2015 -0500

    Added logic for parsing location json

commit 7385a01283909f893fc6c687c61ee8fbe2944558
Author: Tucker Long <tl7877@cs.utexas.edu>
Date:   Thu Oct 22 19:04:07 2015 -0500

    Just changed to rowspan

commit edcf7c6330ee6a7a1dfcb198eca197116862a1b2
Author: Tucker Long <tl7877@cs.utexas.edu>
Date:   Thu Oct 22 19:01:15 2015 -0500

    Trying html trim

commit 1a6db692a04b8a68aa17272634bbc5495aaeeab5
Author: Tucker Long <tl7877@cs.utexas.edu>
Date:   Thu Oct 22 18:59:08 2015 -0500

    Dont test it!

commit c43bec66854e0c69009baf5689f429acf68f84c8
Author: Tucker Long <tl7877@cs.utexas.edu>
Date:   Thu Oct 22 18:57:03 2015 -0500

    Fixing pokemon links

commit 9b2ac2c59f710588fab965cece17dc57eec17f6c
Author: David Toth <dtoth@cs.utexas.edu>
Date:   Thu Oct 22 18:53:20 2015 -0500

    style stuff

commit e06fd2c717b0c7ec5fd77be6ed41c27a58bff52c
Merge: a07ce74 f240666
Author: Tucker Long <tl7877@cs.utexas.edu>
Date:   Thu Oct 22 18:51:08 2015 -0500

    Merge branch 'master' of https://github.com/RobinsonNguyen/cs373-pokemon

commit a07ce74bb498beff73b36ed47e3f06ecb98d5f2b
Author: Tucker Long <tl7877@cs.utexas.edu>
Date:   Thu Oct 22 18:51:03 2015 -0500

    Fixing broken pokemon links

commit f24066657f5e676d4e978e572e4012dcd18ff8b5
Author: David Toth <dtoth@cs.utexas.edu>
Date:   Thu Oct 22 18:50:49 2015 -0500

    style stuff

commit 8153f40a0f43df7a9f6193be99ec4f32f6ec83c9
Merge: 69d09e9 2ce2d77
Author: David Toth <dtoth@cs.utexas.edu>
Date:   Thu Oct 22 18:46:43 2015 -0500

    Merge branch 'master' of https://github.com/RobinsonNguyen/cs373-pokemon

commit 69d09e999d2f79dd4492af3439052894d3a19eac
Author: David Toth <dtoth@cs.utexas.edu>
Date:   Thu Oct 22 18:46:30 2015 -0500

    style stuff

commit 2ce2d772c8bfeb80e621697a14a894a46a758078
Merge: 2c82b3b 59e9d15
Author: Tucker Long <tl7877@cs.utexas.edu>
Date:   Thu Oct 22 18:44:06 2015 -0500

    Merge branch 'master' of https://github.com/RobinsonNguyen/cs373-pokemon

commit 2c82b3bd1beeaf652d935ef884a4a5d97e17f12c
Author: Tucker Long <tl7877@cs.utexas.edu>
Date:   Thu Oct 22 18:43:57 2015 -0500

    Adding changes to about and pokemon links

commit 59e9d15c55b60f78bebaa0ebf7156316d7c6ac09
Author: Brett Kercher <brettkercher@utexas.edu>
Date:   Thu Oct 22 18:35:52 2015 -0500

    Removed models.py

commit 713076d0a108a0d11d88bd66d087d0baeeb32469
Merge: 0a7b10d c9cb83a
Author: Robinson Nguyen <robinson_nguyen@hotmail.com>
Date:   Thu Oct 22 18:15:06 2015 -0500

    Merge branch 'master' of github.com:RobinsonNguyen/cs373-pokemon

commit 0a7b10d4f82c6b1c1464682bec4b4d90011a8cd3
Merge: 3354863 7416ccd
Author: Robinson Nguyen <robinson_nguyen@hotmail.com>
Date:   Thu Oct 22 18:14:49 2015 -0500

    Closed files and added more tests

commit c9cb83aa7510f1676128bd48dc1a2c7da5b17c68
Author: David Toth <dtoth@cs.utexas.edu>
Date:   Thu Oct 22 18:13:53 2015 -0500

    style stuff

commit 3354863a1a0fa9cbd1a1928df645d5a2214ddae8
Author: Robinson Nguyen <robinson_nguyen@hotmail.com>
Date:   Thu Oct 22 18:13:33 2015 -0500

    Closed files and added more tests

commit 7416ccda5c4b198b0d90c25a825b119e7c0ae5c0
Merge: 4acd1a0 ca26004
Author: Tucker Long <tl7877@cs.utexas.edu>
Date:   Thu Oct 22 18:10:47 2015 -0500

    Merge branch 'master' of https://github.com/RobinsonNguyen/cs373-pokemon

commit 4acd1a0a9b1c21ef231fe9847572276c957123f8
Author: Tucker Long <tl7877@cs.utexas.edu>
Date:   Thu Oct 22 18:10:43 2015 -0500

    Adding basic about page structure.

commit ca260040b7bb0a2e113aba68bda4de3c627f25b0
Author: David Toth <dtoth@cs.utexas.edu>
Date:   Thu Oct 22 18:09:00 2015 -0500

    style stuff

commit 60dc3dcb2f42965c30fa822211ac1553952ac6e5
Author: David Toth <dtoth@cs.utexas.edu>
Date:   Thu Oct 22 18:06:54 2015 -0500

    style stuff

commit 868a851b915fb8b58f1a90beadb03c169bb522e4
Author: David Toth <dtoth@cs.utexas.edu>
Date:   Thu Oct 22 18:05:19 2015 -0500

    style stuff

commit 3516b8f44f8d04fa8d9b3fa6cfdc8cba57f24714
Author: David Toth <dtoth@cs.utexas.edu>
Date:   Thu Oct 22 17:52:04 2015 -0500

    style stuff

commit 85c4cc39bf2ec0bb4638919e1c4267e1891074b6
Author: David Toth <dtoth@cs.utexas.edu>
Date:   Thu Oct 22 17:41:00 2015 -0500

    style stuff

commit 16edcba424ea209b57c64cc589cf648c77f526f7
Author: David Toth <dtoth@cs.utexas.edu>
Date:   Thu Oct 22 17:39:30 2015 -0500

    style stuff

commit 630d26a36db38c6d26f077a2619330c9a7437c71
Author: David Toth <dtoth@cs.utexas.edu>
Date:   Thu Oct 22 17:38:09 2015 -0500

    style stuff

commit b2576c6217f345083ad9d07f85459563354bf8c5
Author: Brett Kercher <brettkercher@utexas.edu>
Date:   Thu Oct 22 17:35:04 2015 -0500

    404 on no moves found. closes #19

commit 5d2a5a19519b89adfca4ba33988f21be8082c257
Author: Brett Kercher <brettkercher@utexas.edu>
Date:   Thu Oct 22 17:31:34 2015 -0500

    Made pokemon page mobile friendly. closes #18

commit 807d158a78a626930c5d6111cf960c0c81ed27ac
Author: Joao Marcos Eloy <jomeloy@gmail.com>
Date:   Thu Oct 22 17:26:27 2015 -0500

    added locations to pokemon json

commit b54c55607c3807641ae3c8f710d336e5664ba34a
Author: Brett Kercher <brettkercher@utexas.edu>
Date:   Thu Oct 22 17:13:22 2015 -0500

    Deleted pycache

commit f70449405af746c1b63c71e9a483be8084aea1fe
Author: David Toth <dtoth@cs.utexas.edu>
Date:   Thu Oct 22 17:11:35 2015 -0500

    style stuff

commit d97fdbb2efd50d14d49c4a8c20d8e73b99de8940
Author: Brett Kercher <brettkercher@utexas.edu>
Date:   Thu Oct 22 17:10:13 2015 -0500

    added git ignore file

commit 99987a5f4a59686354dabd72cbe110c097f1d8a2
Merge: 3d59ed7 2257d4f
Author: Brett Kercher <brettkercher@utexas.edu>
Date:   Thu Oct 22 17:08:43 2015 -0500

    Merge branch 'master' of https://github.com/RobinsonNguyen/cs373-pokemon

commit 3d59ed7f4bd31208919ed83f57488c39855f32dc
Author: Brett Kercher <brettkercher@utexas.edu>
Date:   Thu Oct 22 17:08:32 2015 -0500

    Renamed models.py to pokemonModels.py. closes #15

commit 2257d4f2e9309758ac043521f1cabdc337e53998
Author: David Toth <dtoth@cs.utexas.edu>
Date:   Thu Oct 22 17:01:11 2015 -0500

    style stuff

commit 0786da997d36ca2182582f4a38dda22986ef1725
Merge: 8a2430d 707619e
Author: Brett Kercher <brettkercher@utexas.edu>
Date:   Thu Oct 22 16:59:04 2015 -0500

    Merge branch 'master' of https://github.com/RobinsonNguyen/cs373-pokemon

commit 8a2430da6c4913a6d22139137299ba85593b61d4
Author: Brett Kercher <brettkercher@utexas.edu>
Date:   Thu Oct 22 16:58:59 2015 -0500

    pages now use base template

commit 707619ed84eaeb2dad42f91ef438aaa7e29015f9
Author: David Toth <dtoth@cs.utexas.edu>
Date:   Thu Oct 22 16:58:24 2015 -0500

    style stuff

commit a83e71753c1998407b3760a86a07f36beea98b5c
Author: David Toth <dtoth@cs.utexas.edu>
Date:   Thu Oct 22 16:42:40 2015 -0500

    style stuff

commit 5741d3b358c80860f6d69635c5e54a8e2d5645f2
Author: David Toth <dtoth@cs.utexas.edu>
Date:   Thu Oct 22 16:37:16 2015 -0500

    style stuff

commit 476e7f4035dffd93d624e984d3287bc506c93b0e
Author: David Toth <dtoth@cs.utexas.edu>
Date:   Thu Oct 22 16:33:49 2015 -0500

    style stuff

commit 4ba6618ef92ff37ddaa108e1b43bea74de9e490d
Merge: f6b4efd 29adaf2
Author: David Toth <dtoth@cs.utexas.edu>
Date:   Thu Oct 22 16:29:37 2015 -0500

    Merge branch 'master' of https://github.com/RobinsonNguyen/cs373-pokemon

commit f6b4efd1ccbb256a22431115e482af0dd3d8cdf7
Author: David Toth <dtoth@cs.utexas.edu>
Date:   Thu Oct 22 16:29:20 2015 -0500

    style stuff

commit 29adaf2e66fb7d9586162b4e08c03ffaa2b71c9a
Author: Brett Kercher <brettkercher@utexas.edu>
Date:   Thu Oct 22 16:26:20 2015 -0500

    Last port change

commit 57ac4255f6382ef6e057ee9a5241135ce01b8fd1
Author: David Toth <dtoth@cs.utexas.edu>
Date:   Thu Oct 22 16:25:09 2015 -0500

    style stuff

commit ade33aaaa3b466e8a9a621aa95634c7087dda36c
Author: David Toth <dtoth@cs.utexas.edu>
Date:   Thu Oct 22 16:16:01 2015 -0500

    update moves page

commit 6ce6f3fa76242122ff8607f00a9b9cfab90d7acf
Author: David Toth <dtoth@cs.utexas.edu>
Date:   Thu Oct 22 16:12:04 2015 -0500

    added level moves to models.py

commit 1723bce1135edd619381a05e961b9f1e6cf2c18d
Author: David Toth <dtoth@cs.utexas.edu>
Date:   Thu Oct 22 15:56:55 2015 -0500

    moves.html all pokemon who can learn those moves.... hopefully

commit 5eb999917c81fcc85a2eefe473491dd1d73f2be5
Author: Brett Kercher <brettkercher@utexas.edu>
Date:   Thu Oct 22 15:52:58 2015 -0500

    Unified page titles

commit 218b91b6d328c4b32dbc81057f64b5df35ebcaf1
Author: Brett Kercher <brettkercher@utexas.edu>
Date:   Thu Oct 22 15:41:10 2015 -0500

    port fix

commit 8adfac24ccb0102e06860d2b87b9ec455e0b4887
Author: Brett Kercher <brettkercher@utexas.edu>
Date:   Thu Oct 22 15:38:14 2015 -0500

    Set port to 80

commit 21da15f11347d512f5c767b8311cfa73eeaccb90
Merge: 5a9eaca 52c0c51
Author: dtoth <david.toth@soteradefense.com>
Date:   Thu Oct 22 14:57:25 2015 -0500

    Merge branch 'master' of https://github.com/RobinsonNguyen/cs373-pokemon

commit 5a9eaca3192b5d7ae8c6362858c4fea290bfb0f2
Author: dtoth <david.toth@soteradefense.com>
Date:   Thu Oct 22 14:56:50 2015 -0500

    movesModel changes

commit 52c0c516debc62fbfe5d72cbdadca9fc98287268
Author: Brett Kercher <brettkercher@utexas.edu>
Date:   Thu Oct 22 14:55:07 2015 -0500

    All pokemon data

commit 2fd26b2eda7dbd4dfa9b0a4371d0c3f7c6d43c78
Author: Brett Kercher <brettkercher@utexas.edu>
Date:   Thu Oct 22 14:51:11 2015 -0500

    Color scheme changes

commit 4a0fd1d60cb1f6d4d925c615a286448529c50e4e
Author: Brett Kercher <brettkercher@utexas.edu>
Date:   Thu Oct 22 14:18:07 2015 -0500

    Use move names instead of ids, link to moves from pokemon

commit 4fd6ffb4177f51c669b23da2427c67d304ab3c2c
Merge: 3dfb70c 81789de
Author: Tucker Long <tl7877@cs.utexas.edu>
Date:   Thu Oct 22 14:01:44 2015 -0500

    Merge branch 'master' of https://github.com/RobinsonNguyen/cs373-pokemon

commit 3dfb70cadf26e2b8744019914a8557da2ea75539
Author: Tucker Long <tl7877@cs.utexas.edu>
Date:   Thu Oct 22 14:01:39 2015 -0500

    Fixing location path on index and location html pages

commit 81789de3c3b19460f023e37883a322edbb0ca5f6
Author: Brett Kercher <brettkercher@utexas.edu>
Date:   Thu Oct 22 13:59:36 2015 -0500

    Removed port and locations route

commit 0b8e8f8ea7c1286d0e8b1eb7ae7814e33fef0e19
Author: Tucker Long <tl7877@cs.utexas.edu>
Date:   Thu Oct 22 12:16:49 2015 -0500

    location id url_for change

commit cbf26974aa9085cc72a8603a9da552e27e2c8f2c
Author: Tucker Long <tl7877@cs.utexas.edu>
Date:   Thu Oct 22 12:15:29 2015 -0500

    The js isn't updating

commit 102b92e07ca89fd13955b0d6d07ff03ce8b720c0
Author: Tucker Long <tl7877@cs.utexas.edu>
Date:   Thu Oct 22 12:12:03 2015 -0500

    Chaning location info to redirect to route info

commit 6a0d4825a1b1eed8f87a77684b270fe6801f7f60
Author: Tucker Long <tl7877@cs.utexas.edu>
Date:   Thu Oct 22 11:55:46 2015 -0500

    Locations subpath still is messed up

commit ed70d019b0a893ccad6d12d2d182aa430b0e9b39
Author: Tucker Long <tl7877@cs.utexas.edu>
Date:   Thu Oct 22 11:52:34 2015 -0500

    index didn't update

commit c8eca927ffc6d167e4ce5561a6205180d52b8198
Author: Tucker Long <tl7877@cs.utexas.edu>
Date:   Thu Oct 22 11:48:22 2015 -0500

    Changed landing page and added about page

commit 2b6c3d9865f0ea2fbf2dc60f2270e6b40a89fc8a
Author: Tucker Long <tl7877@cs.utexas.edu>
Date:   Thu Oct 22 11:12:48 2015 -0500

    Had to change the href for the pokeball icon.

commit 0253a7067e80e78b8d7428c9f03a017cec3c98d3
Author: Tucker Long <tl7877@cs.utexas.edu>
Date:   Thu Oct 22 11:05:42 2015 -0500

    Changing up locations page to match routes page

commit 111dbbe29c7cfda01c82f0eed0a6ac281d740a11
Author: Tucker Long <tl7877@cs.utexas.edu>
Date:   Thu Oct 22 10:56:52 2015 -0500

    Adding sortablitiy and data to items table

commit 5c893b26a0f41b6ce259a5093ee3933e3e5c5382
Author: Tucker Long <tl7877@cs.utexas.edu>
Date:   Thu Oct 22 10:50:43 2015 -0500

    Making trainers sortable

commit d50772793aaf7dab282d479c0252f6c96574aff5
Author: Tucker Long <tl7877@cs.utexas.edu>
Date:   Thu Oct 22 10:47:38 2015 -0500

    Chaning trainer output look

commit 35263e7b20aca6e208ac4222cc539c17bd72afd4
Author: Tucker Long <tl7877@cs.utexas.edu>
Date:   Thu Oct 22 10:42:11 2015 -0500

    Chaning over to length filter

commit 361dca8df33ce0b2be5c68388571af2b6014d023
Author: Tucker Long <tl7877@cs.utexas.edu>
Date:   Thu Oct 22 10:39:57 2015 -0500

    Chaning table formatting for trainers on routes

commit 5fb9010f3e09fd81322cd72f4c043ddfac9650a3
Author: Tucker Long <tl7877@cs.utexas.edu>
Date:   Thu Oct 22 10:33:55 2015 -0500

    Renaming route_data and pathing

commit 0975f1ff7740bf954ad10c9a2f70a799d0192e34
Author: Tucker Long <tl7877@cs.utexas.edu>
Date:   Thu Oct 22 02:32:22 2015 -0500

    Fixing css issues with sortable tables

commit 04e9db5c54f578241bfffb20cd59e394dfb11101
Author: Tucker Long <tl7877@cs.utexas.edu>
Date:   Thu Oct 22 02:26:16 2015 -0500

    Fixing bugs from last commit...

commit 9a5022ead84cb5e472b1873dc8ddcb3801b14af2
Author: Tucker Long <tl7877@cs.utexas.edu>
Date:   Thu Oct 22 02:22:10 2015 -0500

    Sortable tables and more trainer data

commit 7a8e8d0fd17bdfbd56bc528dd0e4c5491cc4b3cc
Author: Tucker Long <tl7877@cs.utexas.edu>
Date:   Thu Oct 22 02:18:05 2015 -0500

    Testing nested for loop in flask

commit d6a7784ab01342e9f890ffbbdeb135500937ee5f
Author: Tucker Long <tl7877@cs.utexas.edu>
Date:   Thu Oct 22 02:12:35 2015 -0500

    Fixed indexing error

commit ed22b7b9e7cfe2a7e3c47b4c5f15567e1fd719d5
Author: Tucker Long <tl7877@cs.utexas.edu>
Date:   Thu Oct 22 02:02:45 2015 -0500

    Problem with rows not showing and vertical alignment

commit c06516d817c283a28c85758d333be5988fd9f67a
Author: Tucker Long <tl7877@cs.utexas.edu>
Date:   Thu Oct 22 01:59:02 2015 -0500

    Adding in the rest of the pokemon for route 15 kanto

commit b3701bc50e0cbe290185bd49f3f7adab09a76fc4
Author: Tucker Long <tl7877@cs.utexas.edu>
Date:   Thu Oct 22 01:56:06 2015 -0500

    Changing location.html navbar and style

commit f3d9d1f06851fd2ccd466ba7b125e4eb33f18ca4
Author: Tucker Long <tl7877@cs.utexas.edu>
Date:   Thu Oct 22 01:52:17 2015 -0500

    Adding more data for kanto route 15

commit 85512656643cd5ea852d08c0df6bdc505462a433
Author: Tucker Long <tl7877@cs.utexas.edu>
Date:   Thu Oct 22 01:48:20 2015 -0500

    Changed location path to locations

commit 2add34437f25e1f22ba31466455fb074c5083315
Author: Tucker Long <tl7877@cs.utexas.edu>
Date:   Thu Oct 22 01:45:46 2015 -0500

    Style changes

commit 916dc1a0f23fc170151b1782030b5523b038ce51
Author: Tucker Long <tl7877@cs.utexas.edu>
Date:   Thu Oct 22 01:02:10 2015 -0500

    Nav for moves

commit 972f9af4bf092da1e83c52c720b3d5d8cabae902
Author: Tucker Long <tl7877@cs.utexas.edu>
Date:   Thu Oct 22 01:01:03 2015 -0500

    Nav using id

commit 15dcce6193a76aa5e3c4e307cedb3f7cef9f8d24
Author: Tucker Long <tl7877@cs.utexas.edu>
Date:   Thu Oct 22 00:58:11 2015 -0500

    Nav using url_for

commit 2233492831366dc06983eb8e8275c85c581a07eb
Author: Tucker Long <tl7877@cs.utexas.edu>
Date:   Thu Oct 22 00:52:56 2015 -0500

    Navigation bar redirection hopefully.

commit 401d419f4e1799a0148b2590ed2a65d589c8dd7a
Author: Tucker Long <tl7877@cs.utexas.edu>
Date:   Thu Oct 22 00:50:50 2015 -0500

    Navigation bar redirection hopefully.

commit 86f9bad80d4f67743d4477404c9d3c17273cbf31
Author: Tucker Long <tl7877@cs.utexas.edu>
Date:   Thu Oct 22 00:49:55 2015 -0500

    Navigation bar redirection hopefully.

commit 83589afa6f1d88bf76e93e4e1cc1222f50c66501
Author: Tucker Long <tl7877@cs.utexas.edu>
Date:   Thu Oct 22 00:46:34 2015 -0500

    Adding redirection for prev route and next route

commit c601ae9cd17059de020a22ab942a7db47bf1d363
Author: Tucker Long <tl7877@cs.utexas.edu>
Date:   Thu Oct 22 00:44:49 2015 -0500

    Button redirection

commit 0aa327d730853e8ccea4e0bede6ff469bc0d081d
Author: Tucker Long <tl7877@cs.utexas.edu>
Date:   Thu Oct 22 00:40:24 2015 -0500

    Testing rerouting with buttons

commit d5522b87f37ea030eb2b5e85044aae1028c4eed3
Author: Tucker Long <tl7877@cs.utexas.edu>
Date:   Thu Oct 22 00:36:18 2015 -0500

    Added more data to template

commit cb2d1840cd378db8ede5b76b2d55f02eb77b68ee
Author: Tucker Long <tl7877@cs.utexas.edu>
Date:   Thu Oct 22 00:28:05 2015 -0500

    Fixed filepath for images

commit cfa42a2110a648467042088124a1d824a529484f
Author: Tucker Long <tl7877@cs.utexas.edu>
Date:   Thu Oct 22 00:25:50 2015 -0500

    Adding in mini images for pokemon

commit dabc2e0873270c6dbf4da9bb55a3ea3d9386bf2e
Merge: 0946d59 6dee834
Author: Tucker Long <tl7877@cs.utexas.edu>
Date:   Thu Oct 22 00:17:11 2015 -0500

    Merge branch 'master' of https://github.com/RobinsonNguyen/cs373-pokemon

commit 0946d59d8a8ad4935a5873fa28b7edfcc62a3433
Author: Tucker Long <tl7877@cs.utexas.edu>
Date:   Thu Oct 22 00:17:07 2015 -0500

    Adding in data for route page

commit 6dee8348eae846de12bf72618c0b7d2d535c7569
Author: Brett Kercher <brettkercher@utexas.edu>
Date:   Thu Oct 22 00:13:41 2015 -0500

    Evolution links

commit a64d41404a36ecbe212ebca54b4e891a118cf4d0
Merge: 1b6f4dc 78c9d23
Author: Tucker Long <tl7877@cs.utexas.edu>
Date:   Thu Oct 22 00:03:28 2015 -0500

    Merge branch 'master' of https://github.com/RobinsonNguyen/cs373-pokemon

commit 1b6f4dc6014a378b4e1db5c08ed9fe0e72bb92c4
Author: Tucker Long <tl7877@cs.utexas.edu>
Date:   Thu Oct 22 00:03:16 2015 -0500

    Fixing namebug in trainers

commit 78c9d23c9b2e48d01507b4ffe348e4e4bc7a8f6f
Author: Brett Kercher <brettkercher@utexas.edu>
Date:   Wed Oct 21 23:56:22 2015 -0500

    CSS changes and routing changes for pokemon

commit e006a13815b1a6bffb2d3e1b1f6c45f5a9b85614
Author: Tucker Long <tl7877@cs.utexas.edu>
Date:   Wed Oct 21 23:55:16 2015 -0500

    Fixing caps in json file

commit 00a55a3133202c44f8eba6110750609cd71d1d22
Author: Tucker Long <tl7877@cs.utexas.edu>
Date:   Wed Oct 21 23:52:10 2015 -0500

    Adding correct filepath

commit 06d23597b9c43fd294995284fc9090f16fe0642f
Author: Tucker Long <tl7877@cs.utexas.edu>
Date:   Wed Oct 21 23:51:06 2015 -0500

    Fixing the stupidest error in the world

commit 1f413fc67086c1d477dc78b4199d9535edc52020
Author: Tucker Long <tl7877@cs.utexas.edu>
Date:   Wed Oct 21 23:49:49 2015 -0500

    Adding it code that doesnt work to test debug

commit 24ee1ee9ffff6771402a71a3f5cc1ee57a790d24
Author: Tucker Long <tl7877@cs.utexas.edu>
Date:   Wed Oct 21 23:48:38 2015 -0500

    Seeing what debug will do

commit 2591762d7607ec6ee1e9253ac8608a371ec70b73
Author: Tucker Long <tl7877@cs.utexas.edu>
Date:   Wed Oct 21 23:45:08 2015 -0500

    Testing flask POST

commit cdb4e0ae99dda327f4369dba91b98d899fc971e0
Author: Tucker Long <tl7877@cs.utexas.edu>
Date:   Wed Oct 21 23:44:26 2015 -0500

    Testing flask POST

commit bb07ec3c8bf4ae65a5b3e5b4ee34db43de3e01c5
Author: Tucker Long <tl7877@cs.utexas.edu>
Date:   Wed Oct 21 23:42:49 2015 -0500

    Outputing multi params in flask

commit fd6cea81db0b4d138e358cac050df46bf09ff305
Author: Tucker Long <tl7877@cs.utexas.edu>
Date:   Wed Oct 21 23:40:54 2015 -0500

    Outputing multi params in flask

commit ddd9bd973afdfe3eeda04e874206c3799d096074
Author: Tucker Long <tl7877@cs.utexas.edu>
Date:   Wed Oct 21 23:35:53 2015 -0500

    Outputing multi params in flask

commit 130f82d602f4082dd90ed5eda9af24ab713dbba0
Author: Tucker Long <tl7877@cs.utexas.edu>
Date:   Wed Oct 21 23:32:06 2015 -0500

    Outputing multi params in flask

commit dfdc5f3c4e753a22b7c37dab947f6eb2ec963b5b
Author: Tucker Long <tl7877@cs.utexas.edu>
Date:   Wed Oct 21 23:30:14 2015 -0500

    Testing output in flask

commit 183f3b41e50036de0a2e72057170eb55bc297d20
Author: Tucker Long <tl7877@cs.utexas.edu>
Date:   Wed Oct 21 23:28:59 2015 -0500

    Testing location removal

commit 6606e5e595a8a15f921dedb5165580593f04b34b
Author: Tucker Long <tl7877@cs.utexas.edu>
Date:   Wed Oct 21 23:25:13 2015 -0500

    Removing / from location template

commit 3e3b2ea20db3d0cbdf4a4ce3ea0c0136a442b24c
Author: Tucker Long <tl7877@cs.utexas.edu>
Date:   Wed Oct 21 23:24:02 2015 -0500

    Adding prints to see if values are being passed correctly

commit 40f43419c8158fb1a37be8214320cbf28cf57bbe
Author: Tucker Long <tl7877@cs.utexas.edu>
Date:   Wed Oct 21 23:21:20 2015 -0500

    Testing flask multi paramater

commit dcf9c22afb0ae616f19e3904ea6ac42d6b387e5d
Author: Tucker Long <tl7877@cs.utexas.edu>
Date:   Wed Oct 21 23:18:36 2015 -0500

    Fixed indexing problem in trainers pokemon.

commit 2b1f73ff20a0b860ba9757ffdc88c31fccd13efd
Author: Tucker Long <tl7877@cs.utexas.edu>
Date:   Wed Oct 21 23:11:10 2015 -0500

    Fixing readInRoutes function call

commit ef4f6d8611c257ff7e58e695083b222921c1e606
Author: Tucker Long <tl7877@cs.utexas.edu>
Date:   Wed Oct 21 23:09:59 2015 -0500

    Adding module paths

commit 7b5164196521269b6ee5ca63c1d491a881d8c258
Author: Tucker Long <tl7877@cs.utexas.edu>
Date:   Wed Oct 21 23:06:35 2015 -0500

    Adding location to flask.

commit 20b2f3c821deaa902322f593fda06242bb0696c9
Merge: d6017b0 78abf68
Author: Tucker Long <tl7877@cs.utexas.edu>
Date:   Wed Oct 21 23:04:08 2015 -0500

    Merge branch 'master' of https://github.com/RobinsonNguyen/cs373-pokemon

commit d6017b0f18b5418bd76b4d67fa42e4a91dd5250d
Author: Tucker Long <tl7877@cs.utexas.edu>
Date:   Wed Oct 21 23:04:01 2015 -0500

    Route templates

commit 78abf684140e464fbdad3f8338ea7f3dd0eb75ec
Author: David Toth <dtoth@cs.utexas.edu>
Date:   Wed Oct 21 22:49:36 2015 -0500

    last commit of the night, have move pages working, just need more info and links for pokemon

commit 0f33640bd9184cf17912d7ff55a549854503f967
Author: David Toth <dtoth@cs.utexas.edu>
Date:   Wed Oct 21 22:48:06 2015 -0500

    stuff

commit 09fe926e24b94d7a1df2929c3d95ef9594858d28
Author: David Toth <dtoth@cs.utexas.edu>
Date:   Wed Oct 21 22:45:25 2015 -0500

    stuff

commit 66eec6511656411248a86c9e5662117c78a26d02
Author: David Toth <dtoth@cs.utexas.edu>
Date:   Wed Oct 21 22:40:11 2015 -0500

    stuff

commit 560f626776fc297ed6e28743a7297b04fac15337
Author: David Toth <dtoth@cs.utexas.edu>
Date:   Wed Oct 21 22:37:12 2015 -0500

    stuff

commit 086104e1db329a4ac365ec4f6222f18966e72bf3
Author: Brett Kercher <brettkercher@utexas.edu>
Date:   Wed Oct 21 22:37:02 2015 -0500

    Changed pokemon

commit 81ba1843da21e48f69a5006cdd1c4495b87d9517
Author: David Toth <dtoth@cs.utexas.edu>
Date:   Wed Oct 21 22:26:36 2015 -0500

    stuff

commit 1249503baad0c834476dccd3b71f2d252caca59a
Author: Brett Kercher <brettkercher@utexas.edu>
Date:   Wed Oct 21 22:25:57 2015 -0500

    Sprites

commit c780d9596b73e9a7ace19cf78cde962853a19c1b
Author: David Toth <dtoth@cs.utexas.edu>
Date:   Wed Oct 21 22:23:42 2015 -0500

    allmoves page stuff

commit 05c775fdef4c8445da977d43c17c7323ff82fa42
Author: Joao Marcos Eloy <jomeloy@gmail.com>
Date:   Wed Oct 21 22:18:24 2015 -0500

    added sprite pictures

commit 5a44e9487780a3150f73c572073c00396d063936
Author: David Toth <dtoth@cs.utexas.edu>
Date:   Wed Oct 21 22:11:59 2015 -0500

    allmove page stuffies

commit 2504f601fdd5afa3c0cb27d9d46ea445f019bfcb
Merge: fa41545 b2707b1
Author: David Toth <dtoth@cs.utexas.edu>
Date:   Wed Oct 21 22:02:57 2015 -0500

    Merge branch 'master' of https://github.com/RobinsonNguyen/cs373-pokemon

commit fa4154574d272313a5077a2ac282d498c5f90c4a
Author: David Toth <dtoth@cs.utexas.edu>
Date:   Wed Oct 21 22:02:37 2015 -0500

    allMoves

commit b2707b1b156e276c318bc7cf62584307331c9009
Author: Brett Kercher <brettkercher@utexas.edu>
Date:   Wed Oct 21 22:01:25 2015 -0500

    added data

commit a078965de6c25e1089fcd19e594eeebef91ca010
Author: Brett Kercher <brettkercher@utexas.edu>
Date:   Wed Oct 21 21:55:02 2015 -0500

    fixed pokemon stuff?

commit 0f571e7dd6c5f46e1cb89d5d36f06fb88733b64b
Author: David Toth <dtoth@cs.utexas.edu>
Date:   Wed Oct 21 21:52:19 2015 -0500

    fixing allmoves.html

commit 3510343091fe5030eb98460e7baf0322573de849
Merge: 3fc1bb2 755e822
Author: David Toth <dtoth@cs.utexas.edu>
Date:   Wed Oct 21 21:48:07 2015 -0500

    Merge branch 'master' of https://github.com/RobinsonNguyen/cs373-pokemon
    
    Because I rock.....?

commit 3fc1bb2b6a7daed1caf4705181cf6605ac274a71
Author: David Toth <dtoth@cs.utexas.edu>
Date:   Wed Oct 21 21:47:53 2015 -0500

    commented brett code

commit 755e822e2b6bce3b5f6e70d4a52ee69d9a17e937
Author: Brett Kercher <brettkercher@utexas.edu>
Date:   Wed Oct 21 21:47:50 2015 -0500

    Reformat pokemon data?

commit bba8c01dd6cff94cbc8fce92225a466cb5351407
Author: David Toth <dtoth@cs.utexas.edu>
Date:   Wed Oct 21 21:44:11 2015 -0500

    commented brett code

commit 41564783f6671aa5b86d8bdfe68237682273e97c
Merge: ac8a773 4644496
Author: David Toth <dtoth@cs.utexas.edu>
Date:   Wed Oct 21 21:42:16 2015 -0500

    MERGE CONFLICTgit pull DANGER ZONEgit pull!

commit 4644496ea26d6497f854f2b41872c3d786daff17
Author: Brett Kercher <brettkercher@utexas.edu>
Date:   Wed Oct 21 21:40:56 2015 -0500

    Uncomment pokemon

commit ac8a7730e3107a30412852e1a527c6b0a279de53
Author: David Toth <dtoth@cs.utexas.edu>
Date:   Wed Oct 21 21:37:34 2015 -0500

    working?

commit ca8279621a69d5bf9a2a5d33d345d06e10f620f8
Author: David Toth <dtoth@cs.utexas.edu>
Date:   Wed Oct 21 21:34:52 2015 -0500

    working?

commit 017b6a238e276675f187ad7f02284c7d52866db9
Merge: 749aecd 17252dc
Author: Robinson Nguyen <robinson_nguyen@hotmail.com>
Date:   Wed Oct 21 21:21:24 2015 -0500

    Added UML, changed apiary, added single unit test

commit 749aecd45f038f41641eab03e34816d555c3df8d
Author: Robinson Nguyen <robinson_nguyen@hotmail.com>
Date:   Wed Oct 21 21:11:55 2015 -0500

    Added UML, changed apiary, added single unit test

commit 17252dc4e84fa30f845f97aa6ef59ee2da0a151d
Author: David Toth <dtoth@cs.utexas.edu>
Date:   Wed Oct 21 20:40:16 2015 -0500

    adding more info for move page

commit c72ba4b1c1120ef2b7ce6ef4e36e59ea73428b5a
Author: David Toth <dtoth@cs.utexas.edu>
Date:   Wed Oct 21 20:38:32 2015 -0500

    adding more info for move page

commit c6ade92ddb28ccfb2da80a6cc77bbeba4705b95e
Author: David Toth <dtoth@cs.utexas.edu>
Date:   Wed Oct 21 20:36:23 2015 -0500

    adding more info for move page

commit 94fb508d9aee04b50f099419d888e0125e6180f4
Author: David Toth <dtoth@cs.utexas.edu>
Date:   Wed Oct 21 20:07:56 2015 -0500

    adding more info for move page

commit 459662a09457ac34b0a682e917442d856e5e6992
Author: David Toth <dtoth@cs.utexas.edu>
Date:   Wed Oct 21 19:44:18 2015 -0500

    Fixed host problems, working on routing data.

commit 99202613decd294a3259f448427fa5c3d5771f70
Author: David Toth <dtoth@cs.utexas.edu>
Date:   Wed Oct 21 18:03:12 2015 -0500

    Fixed host problems, working on routing data.

commit 5ae41fb518958ae3b82faca07c096de22e40fe43
Author: David Toth <dtoth@cs.utexas.edu>
Date:   Wed Oct 21 17:55:00 2015 -0500

    Fixed host problems, working on routing data.

commit e20540e157bc19e561130ca21da32d76d19bb4b7
Author: David Toth <dtoth@cs.utexas.edu>
Date:   Wed Oct 21 17:52:32 2015 -0500

    Fixed host problems, working on routing data.

commit d36c8e879bae877e02b771de2dbbf3bd4fc73e64
Author: David Toth <dtoth@cs.utexas.edu>
Date:   Wed Oct 21 17:48:19 2015 -0500

    Fixed host problems, working on routing data.

commit 7d771777955da699d3be12540fb7d272eefa4a58
Author: David Toth <dtoth@cs.utexas.edu>
Date:   Wed Oct 21 17:46:06 2015 -0500

    Fixed host problems, working on routing data.

commit 9647dfbd035036eb9ba657eff8ddc8a22f5f6b01
Author: David Toth <dtoth@cs.utexas.edu>
Date:   Wed Oct 21 17:41:41 2015 -0500

    Trying to fix flask hosting problems.

commit 20c3ba32ab9c028ce6b83f57e239e981968a98d7
Author: David Toth <dtoth@cs.utexas.edu>
Date:   Wed Oct 21 17:38:54 2015 -0500

    Trying to fix flask hosting problems.

commit ce69b2a04504bcf3896b3625c395b68076e3e786
Author: David Toth <dtoth@cs.utexas.edu>
Date:   Wed Oct 21 17:26:22 2015 -0500

    Trying to fix flask hosting problems.

commit c7d69a7c454dbcb98ecb1a34be60e8f33b0267cf
Author: David Toth <dtoth@cs.utexas.edu>
Date:   Wed Oct 21 17:23:16 2015 -0500

    Trying to fix flask hosting problems.

commit 30d22d3b0a0f33bf8b4b7258c541be18c7c4c3db
Author: David Toth <dtoth@cs.utexas.edu>
Date:   Wed Oct 21 17:20:20 2015 -0500

    Trying to fix flask hosting problems.

commit 75fb8da1e3d34f111c35c6dd138b63eae110dc6e
Author: David Toth <dtoth@cs.utexas.edu>
Date:   Wed Oct 21 17:17:28 2015 -0500

    flask no work

commit 7c573ee3b054b08a259fcd04981ace653e88ff90
Author: David Toth <dtoth@cs.utexas.edu>
Date:   Wed Oct 21 17:14:25 2015 -0500

    work flask work

commit 1557ef19745aad114b1667a14117583d436eb4bf
Author: David Toth <dtoth@cs.utexas.edu>
Date:   Wed Oct 21 17:03:38 2015 -0500

    fixed line in move models

commit d691860337cc8810c2516c78cc86f8d26b0c6a7a
Author: David Toth <dtoth@cs.utexas.edu>
Date:   Wed Oct 21 17:01:55 2015 -0500

    trying out flask

commit 487c81ad39b591056a11dfdd20366e76544246d9
Author: David Toth <dtoth@cs.utexas.edu>
Date:   Wed Oct 21 17:00:11 2015 -0500

    added an s

commit a45dc7780b1c13dfbe942162d30bf5b821531b93
Author: David Toth <dtoth@cs.utexas.edu>
Date:   Wed Oct 21 16:58:56 2015 -0500

    dropped an s

commit be2ef895506c094ddb0b98b69b60445cba4ac3fe
Author: David Toth <dtoth@cs.utexas.edu>
Date:   Wed Oct 21 16:57:25 2015 -0500

    added some python flask stuffies for moves

commit 223703bf19ab553bebcedb718af54a19b43c8302
Merge: c61b306 cb5683f
Author: Brett Kercher <brettkercher@utexas.edu>
Date:   Wed Oct 21 16:19:48 2015 -0500

    Merge branch 'master' of https://github.com/RobinsonNguyen/cs373-pokemon

commit c61b306052af13a70468bcec6cb31716038b4f53
Author: Brett Kercher <brettkercher@utexas.edu>
Date:   Wed Oct 21 16:19:20 2015 -0500

    Added json folder

commit cb5683f094b7406b9b193b56de64364e3466faa5
Author: David Toth <dtoth@cs.utexas.edu>
Date:   Wed Oct 21 16:12:39 2015 -0500

    raindacne.html -> moves.html

commit 4507e42132867371330b0b491c60e2d96870a197
Author: David Toth <dtoth@cs.utexas.edu>
Date:   Wed Oct 21 16:05:23 2015 -0500

    changed models.py

commit 6b62aec672e35473e0a3cbf13407d7ffb4124c22
Author: David Toth <dtoth@cs.utexas.edu>
Date:   Wed Oct 21 15:58:52 2015 -0500

    changes to moves.html

commit 16b194ffe60e237dd0ebf3d10b7a0e33f4afc215
Author: David Toth <dtoth7012@gmail.com>
Date:   Wed Oct 21 01:55:30 2015 -0500

    first  move page done? end of work tonight

commit 44a173f5b2779a47d81b6271ef80a07b1e2e11a5
Merge: 218cc77 ef58263
Author: David Toth <dtoth7012@gmail.com>
Date:   Tue Oct 20 20:29:17 2015 -0500

    Merge branch 'master' into Tucker

commit ef582630b481b94a1803989d386e206c69672efb
Author: David Toth <dtoth7012@gmail.com>
Date:   Tue Oct 20 20:27:15 2015 -0500

    Delete moves.html
    
    deleted my moves from master as it was a merge conflict

commit 3a83e9c5a9f57dfda3b65e13299ae9b5b21fbafe
Author: Robby <robinson_nguyen@hotmail.com>
Date:   Tue Oct 20 18:28:07 2015 -0500

    Transferring blueprint from apiary.io

commit 218cc77203a1d09209ba51feb63c6f33c6165623
Merge: bce5e98 d45f54e
Author: Tucker Long <tl7877@cs.utexas.edu>
Date:   Tue Oct 20 17:46:43 2015 -0500

    Merge branch 'Tucker' of https://github.com/RobinsonNguyen/cs373-pokemon into Tucker

commit bce5e98dbf3eab5da97a8eca4c4a6b901aa5a7b4
Author: Tucker Long <tl7877@cs.utexas.edu>
Date:   Tue Oct 20 17:46:08 2015 -0500

    Adding new route template and some images.

commit 7ef6167b65b0d783e6550ba1ca5cc53bdf6c0b10
Author: Brett Kercher <brettkercher@utexas.edu>
Date:   Tue Oct 20 16:32:13 2015 -0500

    Load pokemon data from json

commit ccebfcf84fc56524d2b9fbb8d9b1a656e883b8e4
Author: Joao Marcos Eloy <jomeloy@gmail.com>
Date:   Tue Oct 20 13:28:50 2015 -0500

    added , between pokemon in pokemon_data

commit d45f54e2247606a4a0c37a0d25a1a46426a4ae7e
Author: David Toth <dtoth7012@gmail.com>
Date:   Tue Oct 20 01:00:59 2015 -0500

    more stuff for moves page

commit caa1033542b12f7621738f15dbc8f1d880957786
Author: David Toth <dtoth7012@gmail.com>
Date:   Sun Oct 18 23:43:48 2015 -0500

    adding my page to Tucker branch

commit 16c2c838e4ed3724d7a38660d0848190f740a2cf
Merge: 16b6af3 cab7b0f
Author: David Toth <dtoth@cs.utexas.edu>
Date:   Sun Oct 18 23:36:01 2015 -0500

    Merge branch 'Tucker' of https://github.com/RobinsonNguyen/cs373-pokemon into Tucker

commit 16b6af30aed97936131d485096dfc5822deec48c
Author: David Toth <dtoth@cs.utexas.edu>
Date:   Sun Oct 18 23:35:43 2015 -0500

    moves page

commit a8e3708a1148f34219ab5cb0eb58afa05e6057ec
Author: Brett Kercher <brettkercher@utexas.edu>
Date:   Sun Oct 18 13:20:34 2015 -0500

    Sortable pokemon table, inject pokemon data via python

commit 4cdca1d38dcd4f33492eac9007f04e4702be9b60
Author: Brett Kercher <brettkercher@utexas.edu>
Date:   Sat Oct 17 21:20:35 2015 -0500

    Added some basic layout stuff for pokemon page

commit cab7b0f089975f72a66537c21c6e29dc723e77df
Author: Tucker Long <tl7877@cs.utexas.edu>
Date:   Fri Oct 16 16:15:24 2015 -0500

    Updated with better button selection and indicator. Filepaths are set to be non flask at the moment.

commit 446e588c0d9699bd5a7859c836521e3ea030334c
Author: David Toth <dtoth@cs.utexas.edu>
Date:   Fri Oct 16 16:06:35 2015 -0500

    json to moves.csv

commit 28797599b4f015eb5e2c6d2f2eacc9be2a625373
Author: Joao Marcos Eloy <jomeloy@gmail.com>
Date:   Fri Oct 16 15:24:33 2015 -0500

    updated scraping info

commit 2880db59c4876c3cf2f7053a1303ec5ff3b05a43
Author: Tucker Long <tl7877@cs.utexas.edu>
Date:   Fri Oct 16 14:47:22 2015 -0500

    Pushing my branch with correct bootstrap paths and new route setup.

commit 8d2976466c9b59b7a51544bcf47a8d1bfd34a424
Author: Joao Marcos Eloy <jomeloy@gmail.com>
Date:   Fri Oct 16 11:58:56 2015 -0500

    adding some scraping data

commit eae84fde02b607d9e8da804e080f18c37cc3aef4
Merge: 59a76da de750b2
Author: Brett Kercher <brettkercher@utexas.edu>
Date:   Thu Oct 15 16:39:58 2015 -0500

    Merge branch 'master' of https://github.com/RobinsonNguyen/cs373-pokemon
    
    Conflicts:
    	templates/index.html
    	templates/location.html

commit 59a76da6197fc3f510e1ed77eeb966eaf6b47148
Author: Brett Kercher <brettkercher@utexas.edu>
Date:   Thu Oct 15 16:38:58 2015 -0500

    Using flask's static dir

commit de750b2cb0e1581600c7c8133e89cb8f6126aff3
Author: Robinson Nguyen <robinson_nguyen@hotmail.com>
Date:   Thu Oct 15 16:36:58 2015 -0500

    FilePath Changes

commit 824256e1f344fc50551ab8e279ac2c2f427eb448
Author: Brett Kercher <brettkercher@utexas.edu>
Date:   Thu Oct 15 15:07:35 2015 -0500

    Set up basic routing with flask

commit c9eadfbdab8408528ca3ab8f5dc94148be6b1269
Author: Tucker Long <tl7877@cs.utexas.edu>
Date:   Thu Oct 15 12:18:16 2015 -0500

    Adding bootstrap files, basic landing page, and basic location page.
